20:01:45,369 INFO  [org.jboss.modules] JBoss Modules version 1.1.1.GA
20:01:45,454 INFO  [org.jboss.msc] JBoss MSC version 1.0.2.GA
20:01:45,479 INFO  [org.jboss.as] JBAS015899: JBoss AS 7.1.1.Final "Brontes" starting
20:01:45,480 DEBUG [org.jboss.as.config] Configured system properties:
	[Standalone] = 
	awt.toolkit = sun.awt.X11.XToolkit
	file.encoding = ANSI_X3.4-1968
	file.encoding.pkg = sun.io
	file.separator = /
	java.awt.graphicsenv = sun.awt.X11GraphicsEnvironment
	java.awt.headless = true
	java.awt.printerjob = sun.print.PSPrinterJob
	java.class.path = /opt/jboss/jboss-modules.jar
	java.class.version = 51.0
	java.endorsed.dirs = /usr/lib/jvm/java-7-oracle/jre/lib/endorsed
	java.ext.dirs = /usr/lib/jvm/java-7-oracle/jre/lib/ext:/usr/java/packages/lib/ext
	java.home = /usr/lib/jvm/java-7-oracle/jre
	java.io.tmpdir = /tmp
	java.library.path = /usr/java/packages/lib/amd64:/usr/lib64:/lib64:/lib:/usr/lib
	java.net.preferIPv4Stack = true
	java.runtime.name = Java(TM) SE Runtime Environment
	java.runtime.version = 1.7.0_80-b15
	java.specification.name = Java Platform API Specification
	java.specification.vendor = Oracle Corporation
	java.specification.version = 1.7
	java.util.logging.manager = org.jboss.logmanager.LogManager
	java.vendor = Oracle Corporation
	java.vendor.url = http://java.oracle.com/
	java.vendor.url.bug = http://bugreport.sun.com/bugreport/
	java.version = 1.7.0_80
	java.vm.info = mixed mode
	java.vm.name = Java HotSpot(TM) 64-Bit Server VM
	java.vm.specification.name = Java Virtual Machine Specification
	java.vm.specification.vendor = Oracle Corporation
	java.vm.specification.version = 1.7
	java.vm.vendor = Oracle Corporation
	java.vm.version = 24.80-b11
	javax.management.builder.initial = org.jboss.as.jmx.PluggableMBeanServerBuilder
	javax.xml.datatype.DatatypeFactory = __redirected.__DatatypeFactory
	javax.xml.parsers.DocumentBuilderFactory = __redirected.__DocumentBuilderFactory
	javax.xml.parsers.SAXParserFactory = __redirected.__SAXParserFactory
	javax.xml.stream.XMLEventFactory = __redirected.__XMLEventFactory
	javax.xml.stream.XMLInputFactory = __redirected.__XMLInputFactory
	javax.xml.stream.XMLOutputFactory = __redirected.__XMLOutputFactory
	javax.xml.transform.TransformerFactory = __redirected.__TransformerFactory
	javax.xml.validation.SchemaFactory:http://www.w3.org/2001/XMLSchema = __redirected.__SchemaFactory
	javax.xml.xpath.XPathFactory:http://java.sun.com/jaxp/xpath/dom = __redirected.__XPathFactory
	jboss.home.dir = /opt/jboss
	jboss.host.name = matana
	jboss.modules.dir = /opt/jboss/modules
	jboss.modules.system.pkgs = org.jboss.byteman
	jboss.node.name = matana
	jboss.qualified.host.name = matana
	jboss.server.base.dir = /opt/jboss/standalone
	jboss.server.config.dir = /opt/jboss/standalone/configuration
	jboss.server.data.dir = /opt/jboss/standalone/data
	jboss.server.default.config = standalone.xml
	jboss.server.deploy.dir = /opt/jboss/standalone/data/content
	jboss.server.log.dir = /opt/jboss/standalone/log
	jboss.server.name = matana
	jboss.server.temp.dir = /opt/jboss/standalone/tmp
	line.separator = 

	logging.configuration = file:/opt/jboss/standalone/configuration/logging.properties
	module.path = /opt/jboss/modules
	org.apache.el.parser.COERCE_TO_ZERO = false
	org.jboss.boot.log.file = /opt/jboss/standalone/log/boot.log
	org.jboss.resolver.warning = true
	org.xml.sax.driver = __redirected.__XMLReaderFactory
	os.arch = amd64
	os.name = Linux
	os.version = 4.13.0-45-generic
	path.separator = :
	sun.arch.data.model = 64
	sun.boot.class.path = /usr/lib/jvm/java-7-oracle/jre/lib/resources.jar:/usr/lib/jvm/java-7-oracle/jre/lib/rt.jar:/usr/lib/jvm/java-7-oracle/jre/lib/sunrsasign.jar:/usr/lib/jvm/java-7-oracle/jre/lib/jsse.jar:/usr/lib/jvm/java-7-oracle/jre/lib/jce.jar:/usr/lib/jvm/java-7-oracle/jre/lib/charsets.jar:/usr/lib/jvm/java-7-oracle/jre/lib/jfr.jar:/usr/lib/jvm/java-7-oracle/jre/classes
	sun.boot.library.path = /usr/lib/jvm/java-7-oracle/jre/lib/amd64
	sun.cpu.endian = little
	sun.cpu.isalist = 
	sun.io.unicode.encoding = UnicodeLittle
	sun.java.command = /opt/jboss/jboss-modules.jar -mp /opt/jboss/modules -jaxpmodule javax.xml.jaxp-provider org.jboss.as.standalone -Djboss.home.dir=/opt/jboss
	sun.java.launcher = SUN_STANDARD
	sun.jnu.encoding = ANSI_X3.4-1968
	sun.management.compiler = HotSpot 64-Bit Tiered Compilers
	sun.os.patch.level = unknown
	sun.rmi.dgc.client.gcInterval = 3600000
	sun.rmi.dgc.server.gcInterval = 3600000
	user.country = US
	user.dir = /
	user.home = /root
	user.language = en
	user.name = root
	user.timezone = Etc/UTC
20:01:45,486 DEBUG [org.jboss.as.config] VM Arguments: -D[Standalone] -XX:+UseCompressedOops -XX:+TieredCompilation -Xms2048m -Xmx3000m -XX:MaxPermSize=2048m -Dorg.apache.el.parser.COERCE_TO_ZERO=false -Djava.net.preferIPv4Stack=true -Dorg.jboss.resolver.warning=true -Dsun.rmi.dgc.client.gcInterval=3600000 -Dsun.rmi.dgc.server.gcInterval=3600000 -Djboss.modules.system.pkgs=org.jboss.byteman -Djava.awt.headless=true -Djboss.server.default.config=standalone.xml -Dorg.jboss.boot.log.file=/opt/jboss/standalone/log/boot.log -Dlogging.configuration=file:/opt/jboss/standalone/configuration/logging.properties 
20:01:45,835 INFO  [org.jboss.as.server] JBAS015888: Creating http management service using socket-binding (management-http)
20:01:45,835 INFO  [org.xnio] XNIO Version 3.0.3.GA
20:01:45,841 INFO  [org.xnio.nio] XNIO NIO Implementation Version 3.0.3.GA
20:01:45,846 INFO  [org.jboss.remoting] JBoss Remoting version 3.2.3.GA
20:01:45,854 INFO  [org.jboss.as.logging] JBAS011502: Removing bootstrap log handlers
