2017-10-19 15:42:23.690 INFO  [org.jboss.as.configadmin] (ServerService Thread Pool -- 26) JBAS016200: Activating ConfigAdmin Subsystem
2017-10-19 15:42:23.695 INFO  [org.jboss.as.clustering.infinispan] (ServerService Thread Pool -- 31) JBAS010280: Activating Infinispan subsystem.
2017-10-19 15:42:23.709 INFO  [org.jboss.as.connector] (MSC service thread 1-15) JBAS010408: Starting JCA Subsystem (JBoss IronJacamar 1.0.9.Final)
2017-10-19 15:42:23.736 INFO  [org.jboss.as.security] (ServerService Thread Pool -- 44) JBAS013101: Activating Security Subsystem
2017-10-19 15:42:23.745 INFO  [org.jboss.as.osgi] (ServerService Thread Pool -- 39) JBAS011940: Activating OSGi Subsystem
2017-10-19 15:42:23.747 INFO  [org.jboss.as.naming] (ServerService Thread Pool -- 38) JBAS011800: Activating Naming Subsystem
2017-10-19 15:42:23.751 INFO  [org.jboss.as.security] (MSC service thread 1-4) JBAS013100: Current PicketBox version=4.0.7.Final
2017-10-19 15:42:23.756 INFO  [org.jboss.as.connector.subsystems.datasources] (ServerService Thread Pool -- 27) JBAS010404: Deploying non-JDBC-compliant driver class org.postgresql.Driver (version 8.4)
2017-10-19 15:42:23.767 INFO  [org.jboss.as.webservices] (ServerService Thread Pool -- 48) JBAS015537: Activating WebServices Extension
2017-10-19 15:42:23.793 INFO  [org.jboss.as.naming] (MSC service thread 1-3) JBAS011802: Starting Naming Service
2017-10-19 15:42:23.806 INFO  [org.jboss.as.mail.extension] (MSC service thread 1-4) JBAS015400: Bound mail session [java:jboss/mail/Default]
2017-10-19 15:42:23.828 INFO  [org.jboss.ws.common.management.AbstractServerConfig] (MSC service thread 1-12) JBoss Web Services - Stack CXF Server 4.0.2.GA
2017-10-19 15:42:23.880 INFO  [org.apache.coyote.http11.Http11Protocol] (MSC service thread 1-11) Starting Coyote HTTP/1.1 on http--127.0.0.1-8080
2017-10-19 15:42:23.971 INFO  [org.jboss.as.server.deployment.scanner] (MSC service thread 1-13) JBAS015012: Started FileSystemDeploymentService for directory /opt/jboss/standalone/deployments
2017-10-19 15:42:23.971 INFO  [org.jboss.as.remoting] (MSC service thread 1-12) JBAS017100: Listening on /127.0.0.1:9999
2017-10-19 15:42:23.973 INFO  [org.jboss.as.remoting] (MSC service thread 1-13) JBAS017100: Listening on /127.0.0.1:4447
2017-10-19 15:42:24.009 INFO  [org.jboss.as.connector.subsystems.datasources] (MSC service thread 1-8) JBAS010400: Bound data source [java:jboss/datasources/LindaDatasource]
2017-10-19 15:42:24.311 INFO  [org.jboss.as] (Controller Boot Thread) JBAS015951: Admin console listening on http://127.0.0.1:9990
2017-10-19 15:42:24.312 INFO  [org.jboss.as] (Controller Boot Thread) JBAS015874: JBoss AS 7.1.1.Final "Brontes" started in 1245ms - Started 140 of 215 services (74 services are passive or on-demand)
2017-10-19 15:42:53.769 INFO  [org.jboss.as.osgi] (MSC service thread 1-9) JBAS011942: Stopping OSGi Framework
2018-06-06 20:01:45.880 INFO  [org.jboss.as.clustering.infinispan] (ServerService Thread Pool -- 31) JBAS010280: Activating Infinispan subsystem.
2018-06-06 20:01:45.903 INFO  [org.jboss.as.naming] (ServerService Thread Pool -- 38) JBAS011800: Activating Naming Subsystem
2018-06-06 20:01:45.926 INFO  [org.jboss.as.osgi] (ServerService Thread Pool -- 39) JBAS011940: Activating OSGi Subsystem
2018-06-06 20:01:45.933 INFO  [org.jboss.as.security] (ServerService Thread Pool -- 44) JBAS013101: Activating Security Subsystem
2018-06-06 20:01:45.934 INFO  [org.jboss.as.connector] (MSC service thread 1-15) JBAS010408: Starting JCA Subsystem (JBoss IronJacamar 1.0.9.Final)
2018-06-06 20:01:45.952 INFO  [org.jboss.as.webservices] (ServerService Thread Pool -- 48) JBAS015537: Activating WebServices Extension
2018-06-06 20:01:45.954 INFO  [org.jboss.as.security] (MSC service thread 1-7) JBAS013100: Current PicketBox version=4.0.7.Final
2018-06-06 20:01:45.963 INFO  [org.jboss.as.connector.subsystems.datasources] (ServerService Thread Pool -- 27) JBAS010404: Deploying non-JDBC-compliant driver class org.postgresql.Driver (version 8.4)
2018-06-06 20:01:45.966 INFO  [org.jboss.as.naming] (MSC service thread 1-8) JBAS011802: Starting Naming Service
2018-06-06 20:01:45.980 INFO  [org.jboss.as.mail.extension] (MSC service thread 1-13) JBAS015400: Bound mail session [java:jboss/mail/Default]
2018-06-06 20:01:46.024 INFO  [org.jboss.ws.common.management.AbstractServerConfig] (MSC service thread 1-15) JBoss Web Services - Stack CXF Server 4.0.2.GA
2018-06-06 20:01:46.096 INFO  [org.apache.coyote.http11.Http11Protocol] (MSC service thread 1-12) Starting Coyote HTTP/1.1 on http--127.0.0.1-8080
2018-06-06 20:01:46.157 INFO  [org.jboss.as.server.deployment.scanner] (MSC service thread 1-16) JBAS015012: Started FileSystemDeploymentService for directory /opt/jboss/standalone/deployments
2018-06-06 20:01:46.159 INFO  [org.jboss.as.remoting] (MSC service thread 1-12) JBAS017100: Listening on /127.0.0.1:9999
2018-06-06 20:01:46.161 INFO  [org.jboss.as.remoting] (MSC service thread 1-1) JBAS017100: Listening on /127.0.0.1:4447
2018-06-06 20:01:46.233 INFO  [org.jboss.as.connector.subsystems.datasources] (MSC service thread 1-2) JBAS010400: Bound data source [java:jboss/datasources/LindaDatasource]
2018-06-06 20:01:46.372 INFO  [org.jboss.as] (Controller Boot Thread) JBAS015951: Admin console listening on http://127.0.0.1:9990
2018-06-06 20:01:46.373 INFO  [org.jboss.as] (Controller Boot Thread) JBAS015874: JBoss AS 7.1.1.Final "Brontes" started in 1127ms - Started 140 of 215 services (74 services are passive or on-demand)
2018-06-06 20:01:48.085 ERROR [org.jboss.remoting.remote.connection] (Remoting "matana:MANAGEMENT" read-1) JBREM000200: Remote connection failed: java.io.IOException: Received an invalid message length of 1195725856
2018-06-06 20:01:50.424 ERROR [org.jboss.remoting.remote.connection] (Remoting "matana:MANAGEMENT" read-1) JBREM000200: Remote connection failed: java.io.IOException: Received an invalid message length of 1195725856
2018-06-06 20:02:19.344 ERROR [org.jboss.remoting.remote.connection] (Remoting "matana:MANAGEMENT" read-1) JBREM000200: Remote connection failed: java.io.IOException: Connection reset by peer
